[debug] [2018-03-08T17:38:07.891Z] ----------------------------------------------------------------------
[debug] [2018-03-08T17:38:07.893Z] Command:       /usr/local/bin/node /usr/local/bin/firebase serve --only functions,hosting
[debug] [2018-03-08T17:38:07.894Z] CLI Version:   3.17.5
[debug] [2018-03-08T17:38:07.894Z] Platform:      darwin
[debug] [2018-03-08T17:38:07.894Z] Node Version:  v8.9.4
[debug] [2018-03-08T17:38:07.894Z] Time:          Thu Mar 08 2018 09:38:07 GMT-0800 (PST)
[debug] [2018-03-08T17:38:07.894Z] ----------------------------------------------------------------------
[debug] 
[debug] [2018-03-08T17:38:07.908Z] > command requires scopes: ["email","openid","https://www.googleapis.com/auth/cloudplatformprojects.readonly","https://www.googleapis.com/auth/firebase","https://www.googleapis.com/auth/cloud-platform"]
[debug] [2018-03-08T17:38:07.908Z] > authorizing via signed-in user
[debug] [2018-03-08T17:38:07.912Z] >>> HTTP REQUEST GET https://admin.firebase.com/v1/projects/housingconnect-3abbc  
  
 Thu Mar 08 2018 09:38:07 GMT-0800 (PST)
[debug] [2018-03-08T17:38:08.380Z] <<< HTTP RESPONSE 200
[debug] [2018-03-08T17:38:08.381Z] >>> HTTP REQUEST GET https://admin.firebase.com/v1/database/housingconnect-3abbc/tokens  
  
 Thu Mar 08 2018 09:38:08 GMT-0800 (PST)
[debug] [2018-03-08T17:38:09.223Z] <<< HTTP RESPONSE 200
[debug] [2018-03-08T17:38:09.225Z] >>> HTTP REQUEST GET https://cloudresourcemanager.googleapis.com/v1/projects/housingconnect-3abbc  
  
 Thu Mar 08 2018 09:38:09 GMT-0800 (PST)
[debug] [2018-03-08T17:38:09.684Z] <<< HTTP RESPONSE 200
[info] 
[info] === Serving from '/Users/eva/Desktop/housing-connect'...
[info] 
[debug] [2018-03-08T17:38:10.667Z] Error: EACCES: permission denied, mkdir '/usr/local/lib/node_modules/firebase-tools/node_modules/@google-cloud/functions-emulator/logs'
    at Object.fs.mkdirSync (fs.js:885:18)
    at Object.assertLogsPath (/usr/local/lib/node_modules/firebase-tools/node_modules/@google-cloud/functions-emulator/src/emulator/logs.js:65:10)
    at new Controller (/usr/local/lib/node_modules/firebase-tools/node_modules/@google-cloud/functions-emulator/src/cli/controller.js:77:32)
    at FunctionsEmulator.start (/usr/local/lib/node_modules/firebase-tools/lib/functionsEmulator.js:103:21)
    at Object.start (/usr/local/lib/node_modules/firebase-tools/lib/serve/functions.js:9:29)
    at /usr/local/lib/node_modules/firebase-tools/lib/serve/index.js:16:19
    at arrayMap (/usr/local/lib/node_modules/firebase-tools/node_modules/lodash/lodash.js:631:23)
    at Function.map (/usr/local/lib/node_modules/firebase-tools/node_modules/lodash/lodash.js:9546:14)
    at _serve (/usr/local/lib/node_modules/firebase-tools/lib/serve/index.js:14:21)
    at Command._action (/usr/local/lib/node_modules/firebase-tools/commands/serve.js:44:12)
[error] 
[error] Error: An unexpected error has occurred.
[debug] [2018-03-08T17:40:05.493Z] ----------------------------------------------------------------------
[debug] [2018-03-08T17:40:05.496Z] Command:       /usr/local/bin/node /usr/local/bin/firebase serve --only functions,hosting
[debug] [2018-03-08T17:40:05.496Z] CLI Version:   3.17.5
[debug] [2018-03-08T17:40:05.496Z] Platform:      darwin
[debug] [2018-03-08T17:40:05.496Z] Node Version:  v8.10.0
[debug] [2018-03-08T17:40:05.497Z] Time:          Thu Mar 08 2018 09:40:05 GMT-0800 (PST)
[debug] [2018-03-08T17:40:05.497Z] ----------------------------------------------------------------------
[debug] 
[debug] [2018-03-08T17:40:05.514Z] > command requires scopes: ["email","openid","https://www.googleapis.com/auth/cloudplatformprojects.readonly","https://www.googleapis.com/auth/firebase","https://www.googleapis.com/auth/cloud-platform"]
[debug] [2018-03-08T17:40:05.514Z] > authorizing via signed-in user
[debug] [2018-03-08T17:40:05.516Z] >>> HTTP REQUEST GET https://admin.firebase.com/v1/projects/housingconnect-3abbc  
  
 Thu Mar 08 2018 09:40:05 GMT-0800 (PST)
[debug] [2018-03-08T17:40:06.086Z] <<< HTTP RESPONSE 200
[debug] [2018-03-08T17:40:06.087Z] >>> HTTP REQUEST GET https://admin.firebase.com/v1/database/housingconnect-3abbc/tokens  
  
 Thu Mar 08 2018 09:40:06 GMT-0800 (PST)
[debug] [2018-03-08T17:40:06.659Z] <<< HTTP RESPONSE 200
[debug] [2018-03-08T17:40:06.660Z] >>> HTTP REQUEST GET https://cloudresourcemanager.googleapis.com/v1/projects/housingconnect-3abbc  
  
 Thu Mar 08 2018 09:40:06 GMT-0800 (PST)
[debug] [2018-03-08T17:40:07.095Z] <<< HTTP RESPONSE 200
[info] 
[info] === Serving from '/Users/eva/Desktop/housing-connect'...
[info] 
[debug] [2018-03-08T17:40:08.446Z] Error: EACCES: permission denied, mkdir '/usr/local/lib/node_modules/firebase-tools/node_modules/@google-cloud/functions-emulator/logs'
    at Object.fs.mkdirSync (fs.js:885:18)
    at Object.assertLogsPath (/usr/local/lib/node_modules/firebase-tools/node_modules/@google-cloud/functions-emulator/src/emulator/logs.js:65:10)
    at new Controller (/usr/local/lib/node_modules/firebase-tools/node_modules/@google-cloud/functions-emulator/src/cli/controller.js:77:32)
    at FunctionsEmulator.start (/usr/local/lib/node_modules/firebase-tools/lib/functionsEmulator.js:103:21)
    at Object.start (/usr/local/lib/node_modules/firebase-tools/lib/serve/functions.js:9:29)
    at /usr/local/lib/node_modules/firebase-tools/lib/serve/index.js:16:19
    at arrayMap (/usr/local/lib/node_modules/firebase-tools/node_modules/lodash/lodash.js:631:23)
    at Function.map (/usr/local/lib/node_modules/firebase-tools/node_modules/lodash/lodash.js:9546:14)
    at _serve (/usr/local/lib/node_modules/firebase-tools/lib/serve/index.js:14:21)
    at Command._action (/usr/local/lib/node_modules/firebase-tools/commands/serve.js:44:12)
[error] 
[error] Error: An unexpected error has occurred.
[debug] [2018-03-08T17:40:58.495Z] ----------------------------------------------------------------------
[debug] [2018-03-08T17:40:58.498Z] Command:       /usr/local/bin/node /usr/local/bin/firebase serve --only functions,hosting
[debug] [2018-03-08T17:40:58.498Z] CLI Version:   3.17.5
[debug] [2018-03-08T17:40:58.498Z] Platform:      darwin
[debug] [2018-03-08T17:40:58.498Z] Node Version:  v8.10.0
[debug] [2018-03-08T17:40:58.499Z] Time:          Thu Mar 08 2018 09:40:58 GMT-0800 (PST)
[debug] [2018-03-08T17:40:58.499Z] ----------------------------------------------------------------------
[debug] 
[debug] [2018-03-08T17:40:58.520Z] > command requires scopes: ["email","openid","https://www.googleapis.com/auth/cloudplatformprojects.readonly","https://www.googleapis.com/auth/firebase","https://www.googleapis.com/auth/cloud-platform"]
[debug] [2018-03-08T17:40:58.521Z] > authorizing via signed-in user
[debug] [2018-03-08T17:40:58.525Z] >>> HTTP REQUEST GET https://admin.firebase.com/v1/projects/housingconnect-3abbc  
  
 Thu Mar 08 2018 09:40:58 GMT-0800 (PST)
[debug] [2018-03-08T17:40:59.009Z] <<< HTTP RESPONSE 200
[debug] [2018-03-08T17:40:59.010Z] >>> HTTP REQUEST GET https://admin.firebase.com/v1/database/housingconnect-3abbc/tokens  
  
 Thu Mar 08 2018 09:40:59 GMT-0800 (PST)
[debug] [2018-03-08T17:40:59.480Z] <<< HTTP RESPONSE 200
[debug] [2018-03-08T17:40:59.481Z] >>> HTTP REQUEST GET https://cloudresourcemanager.googleapis.com/v1/projects/housingconnect-3abbc  
  
 Thu Mar 08 2018 09:40:59 GMT-0800 (PST)
[debug] [2018-03-08T17:41:00.170Z] <<< HTTP RESPONSE 200
[info] 
[info] === Serving from '/Users/eva/Desktop/housing-connect'...
[info] 
[debug] [2018-03-08T17:41:01.754Z] Error: EACCES: permission denied, mkdir '/usr/local/lib/node_modules/firebase-tools/node_modules/@google-cloud/functions-emulator/logs'
    at Object.fs.mkdirSync (fs.js:885:18)
    at Object.assertLogsPath (/usr/local/lib/node_modules/firebase-tools/node_modules/@google-cloud/functions-emulator/src/emulator/logs.js:65:10)
    at new Controller (/usr/local/lib/node_modules/firebase-tools/node_modules/@google-cloud/functions-emulator/src/cli/controller.js:77:32)
    at FunctionsEmulator.start (/usr/local/lib/node_modules/firebase-tools/lib/functionsEmulator.js:103:21)
    at Object.start (/usr/local/lib/node_modules/firebase-tools/lib/serve/functions.js:9:29)
    at /usr/local/lib/node_modules/firebase-tools/lib/serve/index.js:16:19
    at arrayMap (/usr/local/lib/node_modules/firebase-tools/node_modules/lodash/lodash.js:631:23)
    at Function.map (/usr/local/lib/node_modules/firebase-tools/node_modules/lodash/lodash.js:9546:14)
    at _serve (/usr/local/lib/node_modules/firebase-tools/lib/serve/index.js:14:21)
    at Command._action (/usr/local/lib/node_modules/firebase-tools/commands/serve.js:44:12)
[error] 
[error] Error: An unexpected error has occurred.
